1751547692734:help
1751547700730:import-regions
1751547715076:import-departements
1751547721586:import-communes
1751548147370:import-regions
1751548156872:import-departements
1751548162584:import-communes
1751548567567:help
1751548574101:import-communes
1751549044477:import-departements
1751549108906:import-communes
1751550272077:import-natures
1751551553120:import-etablissements
1751551557119:help
1751551565075:import-en-etablissements
1751552532437:help
1751552538556:import-en-etablissements
1751552815324:help
1751552819890:import-en-etablissements
1751554369120:help
1751554373939:import-en-etablissements
1751554507840:help
1751554512303:import-en-etablissements
1751555598752:help
1751555610888:import-esr-etablissements
1751555767982:help
1751555775004:import-esr-etablissements
1751556434531:help
1751556439850:import-esr-etablissements
1751557138838:help
1751557143245:import-esr-etablissements
1751557553929:help
1751877129516:import-natures
1751877135995:import-regions
1751877141707:import-departements
1751877150298:import-communes
1751877193771:import-esr-etablissements
1751877209075:import-en-etablissements
1751877461385:help
1751877467297:import-esr-etablissements
1751877599402:help
1751877605890:import-esr-etablissements
1751877926294:help
1751877932765:import-esr-etablissements
1751878091654:help
1751878099101:import-esr-etablissements
1751878189397:help
1751878198684:import-esr-etablissements
1751878425091:help
1751878431994:import-esr-etablissements
1751879489557:help
1751879495747:import-carif-etablissements
1751880448838:help
1751880516427:import-contrats
1751880530541:import-en-etablissements
1751880734300:help
1751880738836:import-en-etablissements
1751880872722:help
1751880877210:import-en-etablissements
1751881114169:help
1751881119117:import-en-etablissements
1751881304455:help
1751881310111:import-en-etablissements
1751881786130:help
1751881798556:import-carif-etablissements
1751881892261:help
1751881900469:import-carif-etablissements
1751882276655:help
1751882282985:import-carif-etablissements
1751882303617:import-en-etablissements
1751882539216:help
1751882543719:import-en-etablissements
1751888692212:help
1751888697223:import-academies
1751889161613:academieRepository
1751889164194:help
1751889169363:import-academies
1751892793399:help
1751892798478:import-departements
1751901285449:help
1751901290886:import-ipscolleges
1751902324113:help
1751902329936:import-ipscolleges
1752130349479:help
1752130357749:import-en-etablissements
1752131707296:import-esr-etablissements
1752134774731:help
1752134782454:import-esr-etablissements
1752136883807:help
1752136891856:import-esr-etablissements
1752137546492:help
1752137551924:import-esr-etablissements
1752137693385:helphelp
1752137695984:help
1752137701627:import-esr-etablissements
1752137753018:help
1752137758827:import-esr-etablissements
1752137773984:stacktrace
1752137902092:help
1752137908882:import-esr-etablissements
1752137913391:stacktrace
1752138243880:help
1752138255294:import-esr-etablissements
1752138261277:stacktrace
1752138328206:help
1752138334390:import-esr-etablissements
1752138382631:help
1752138387630:import-esr-etablissements
1752138864820:help
1752138956769:stacktrace
1752139012651:import-esr-etablissements
1752139405504:help
1752139417453:import-esr-etablissements
1752139613327:help
1752139619445:import-esr-etablissements
1752139691918:help
1752139698230:import-esr-etablissements
1752139717004:stacktrace
1752139849189:help
1752139855140:import-esr-etablissements
1752140074995:help
1752140082426:import-en-etablissements
1752140621249:help
1752140629750:import-en-etablissements
1752141058287:help
1752141064924:import-en-etablissements
1752141443091:help
1752141449114:import-esr-etablissements
1752141459994:import-en-etablissements
1752141564088:help
1752141569745:import-en-etablissements
1752149174021:help
1752149184768:import-esr-etablissements
1752149195870:stacktrace
1752149272241:help
1752149280767:import-esr-etablissements
1752149293303:import-en-etablissements
1752153659635:help
1752153665132:import-esr-etablissements
1752153803655:help
1752153810138:import-esr-etablissements
1752163204623:help
1752163212597:import-carif-etablissements
1752163817858:help
1752163823937:import-esr-etablissements
1752163840050:import-carif-etablissements
